-------------------------------------------------------------------------------
Test set: com.agoravai.celso.CelsoApplicationTests
-------------------------------------------------------------------------------
Tests run: 13, Failures: 1, Errors: 0, Skipped: 0, Time elapsed: 3.592 s <<< FAILURE! - in com.agoravai.celso.CelsoApplicationTests
testaUsuario  Time elapsed: 0.026 s  <<< FAILURE!
org.opentest4j.AssertionFailedError: expected: <admin> but was: <celso>
	at com.agoravai.celso.CelsoApplicationTests.testaUsuario(CelsoApplicationTests.java:75)

