<?xml version="1.0" encoding="UTF-8"?>
<testsuite xmlns:xsi="http://www.w3.org/2001/XMLSchema-instance" xsi:noNamespaceSchemaLocation="https://maven.apache.org/surefire/maven-surefire-plugin/xsd/surefire-test-report.xsd" name="com.agoravai.celso.CelsoApplicationTests" time="3.592" tests="13" errors="0" skipped="0" failures="1">
  <properties>
[...]
</properties>
  <testcase name="testaBuscaUsuarioNome" classname="com.agoravai.celso.CelsoApplicationTests" time="0.125"/>
  <testcase name="testaBuscaUsuarioNomeQuery" classname="com.agoravai.celso.CelsoApplicationTests" time="0.013"/>
  <testcase name="testaBuscaUsuarioNomeSenha" classname="com.agoravai.celso.CelsoApplicationTests" time="0.012"/>
  <testcase name="testaBuscaUsuarioNomeContains" classname="com.agoravai.celso.CelsoApplicationTests" time="0.017"/>
  <testcase name="testaBuscaUsuarioNomeSenhaQuery" classname="com.agoravai.celso.CelsoApplicationTests" time="0.01"/>
  <testcase name="testaUsuario" classname="com.agoravai.celso.CelsoApplicationTests" time="0.026">
    <failure message="expected: &lt;admin&gt; but was: &lt;celso&gt;" type="org.opentest4j.AssertionFailedError"><![CDATA[org.opentest4j.AssertionFailedError: expected: <admin> but was: <celso>
	at com.agoravai.celso.CelsoApplicationTests.testaUsuario(CelsoApplicationTests.java:75)
]]></failure>
    <system-out><![CDATA[2022-06-04 11:22:18.306  INFO 1912 --- [           main] o.s.t.c.transaction.TransactionContext   : Began transaction (1) for test context [DefaultTestContext@4e858e0a testClass = CelsoApplicationTests, testInstance = com.agoravai.celso.CelsoApplicationTests@1f3310fc, testMethod = testaUsuario@CelsoApplicationTests, testException = [null], mergedContextConfiguration = [WebMergedContextConfiguration@435fb7b5 testClass = CelsoApplicationTests, locations = '{}', classes = '{class com.agoravai.celso.CelsoApplication}', contextInitializerClasses = '[]', activeProfiles = '{}', propertySourceLocations = '{}', propertySourceProperties = '{org.springframework.boot.test.context.SpringBootTestContextBootstrapper=true}', contextCustomizers = set[org.springframework.boot.test.context.filter.ExcludeFilterContextCustomizer@43015c69, org.springframework.boot.test.json.DuplicateJsonObjectContextCustomizerFactory$DuplicateJsonObjectContextCustomizer@30b6ffe0, org.springframework.boot.test.mock.mockito.MockitoContextCustomizer@0, org.springframework.boot.test.web.client.TestRestTemplateContextCustomizer@72ef8d15, org.springframework.boot.test.autoconfigure.actuate.metrics.MetricsExportContextCustomizerFactory$DisableMetricExportContextCustomizer@1df8b5b8, org.springframework.boot.test.autoconfigure.properties.PropertyMappingContextCustomizer@0, org.springframework.boot.test.autoconfigure.web.servlet.WebDriverContextCustomizerFactory$Customizer@bb9e6dc, org.springframework.boot.test.context.SpringBootTestArgs@1, org.springframework.boot.test.context.SpringBootTestWebEnvironment@4ddced80], resourceBasePath = 'src/main/webapp', contextLoader = 'org.springframework.boot.test.context.SpringBootContextLoader', parent = [null]], attributes = map['org.springframework.test.context.web.ServletTestExecutionListener.activateListener' -> true, 'org.springframework.test.context.web.ServletTestExecutionListener.populatedRequestContextHolder' -> true, 'org.springframework.test.context.web.ServletTestExecutionListener.resetRequestContextHolder' -> true, 'org.springframework.test.context.event.ApplicationEventsTestExecutionListener.recordApplicationEvents' -> false]]; transaction manager [org.springframework.orm.jpa.JpaTransactionManager@8a7cd7c]; rollback [true]
2022-06-04 11:22:18.313 DEBUG 1912 --- [           main] org.hibernate.SQL                        : select perfil0_.perfilId as perfilid1_0_0_, perfil0_.perfilNome as perfilno2_0_0_ from tbl_perfil perfil0_ where perfil0_.perfilId=?
2022-06-04 11:22:18.313 TRACE 1912 --- [           main] o.h.type.descriptor.sql.BasicBinder      : binding parameter [1] as [BIGINT] - [1]
2022-06-04 11:22:18.314 TRACE 1912 --- [           main] o.h.type.descriptor.sql.BasicExtractor   : extracted value ([perfilno2_0_0_] : [VARCHAR]) - [ROLE_ADMIN]
2022-06-04 11:22:18.315 DEBUG 1912 --- [           main] org.hibernate.SQL                        : select usuarios0_.perfilId as perfilid2_2_0_, usuarios0_.userId as userid1_2_0_, usuario1_.userId as userid1_1_1_, usuario1_.userNome as usernome2_1_1_, usuario1_.userSenha as usersenh3_1_1_ from uau_usuario_perfil usuarios0_ inner join tbl_usuario usuario1_ on usuarios0_.userId=usuario1_.userId where usuarios0_.perfilId=?
2022-06-04 11:22:18.315 TRACE 1912 --- [           main] o.h.type.descriptor.sql.BasicBinder      : binding parameter [1] as [BIGINT] - [1]
2022-06-04 11:22:18.316 TRACE 1912 --- [           main] o.h.type.descriptor.sql.BasicExtractor   : extracted value ([userid1_1_1_] : [BIGINT]) - [1]
2022-06-04 11:22:18.316 TRACE 1912 --- [           main] o.h.type.descriptor.sql.BasicExtractor   : extracted value ([usernome2_1_1_] : [VARCHAR]) - [admin]
2022-06-04 11:22:18.317 TRACE 1912 --- [           main] o.h.type.descriptor.sql.BasicExtractor   : extracted value ([usersenh3_1_1_] : [VARCHAR]) - [$2a$10$i3.Z8Yv1Fwl0I5SNjdCGkOTRGQjGvHjh/gMZhdc3e7LIovAklqM6C]
2022-06-04 11:22:18.317 TRACE 1912 --- [           main] o.h.type.descriptor.sql.BasicExtractor   : extracted value ([perfilid2_2_0_] : [BIGINT]) - [1]
2022-06-04 11:22:18.317 TRACE 1912 --- [           main] o.h.type.descriptor.sql.BasicExtractor   : extracted value ([userid1_2_0_] : [BIGINT]) - [1]
2022-06-04 11:22:18.317 TRACE 1912 --- [           main] o.h.type.descriptor.sql.BasicExtractor   : extracted value ([userid1_1_1_] : [BIGINT]) - [2]
2022-06-04 11:22:18.317 TRACE 1912 --- [           main] o.h.type.descriptor.sql.BasicExtractor   : extracted value ([usernome2_1_1_] : [VARCHAR]) - [celso]
2022-06-04 11:22:18.317 TRACE 1912 --- [           main] o.h.type.descriptor.sql.BasicExtractor   : extracted value ([usersenh3_1_1_] : [VARCHAR]) - [admin123]
2022-06-04 11:22:18.317 TRACE 1912 --- [           main] o.h.type.descriptor.sql.BasicExtractor   : extracted value ([perfilid2_2_0_] : [BIGINT]) - [1]
2022-06-04 11:22:18.318 TRACE 1912 --- [           main] o.h.type.descriptor.sql.BasicExtractor   : extracted value ([userid1_2_0_] : [BIGINT]) - [2]
2022-06-04 11:22:18.318 DEBUG 1912 --- [           main] org.hibernate.SQL                        : select perfis0_.userId as userid1_2_0_, perfis0_.perfilId as perfilid2_2_0_, perfil1_.perfilId as perfilid1_0_1_, perfil1_.perfilNome as perfilno2_0_1_ from uau_usuario_perfil perfis0_ inner join tbl_perfil perfil1_ on perfis0_.perfilId=perfil1_.perfilId where perfis0_.userId=?
2022-06-04 11:22:18.318 TRACE 1912 --- [           main] o.h.type.descriptor.sql.BasicBinder      : binding parameter [1] as [BIGINT] - [2]
2022-06-04 11:22:18.319 TRACE 1912 --- [           main] o.h.type.descriptor.sql.BasicExtractor   : extracted value ([perfilid1_0_1_] : [BIGINT]) - [1]
2022-06-04 11:22:18.319 TRACE 1912 --- [           main] o.h.type.descriptor.sql.BasicExtractor   : extracted value ([userid1_2_0_] : [BIGINT]) - [2]
2022-06-04 11:22:18.319 TRACE 1912 --- [           main] o.h.type.descriptor.sql.BasicExtractor   : extracted value ([perfilid2_2_0_] : [BIGINT]) - [1]
2022-06-04 11:22:18.320 DEBUG 1912 --- [           main] org.hibernate.SQL                        : select perfis0_.userId as userid1_2_0_, perfis0_.perfilId as perfilid2_2_0_, perfil1_.perfilId as perfilid1_0_1_, perfil1_.perfilNome as perfilno2_0_1_ from uau_usuario_perfil perfis0_ inner join tbl_perfil perfil1_ on perfis0_.perfilId=perfil1_.perfilId where perfis0_.userId=?
2022-06-04 11:22:18.320 TRACE 1912 --- [           main] o.h.type.descriptor.sql.BasicBinder      : binding parameter [1] as [BIGINT] - [1]
2022-06-04 11:22:18.321 TRACE 1912 --- [           main] o.h.type.descriptor.sql.BasicExtractor   : extracted value ([perfilid1_0_1_] : [BIGINT]) - [1]
2022-06-04 11:22:18.321 TRACE 1912 --- [           main] o.h.type.descriptor.sql.BasicExtractor   : extracted value ([userid1_2_0_] : [BIGINT]) - [1]
2022-06-04 11:22:18.321 TRACE 1912 --- [           main] o.h.type.descriptor.sql.BasicExtractor   : extracted value ([perfilid2_2_0_] : [BIGINT]) - [1]
2022-06-04 11:22:18.326  INFO 1912 --- [           main] o.s.t.c.transaction.TransactionContext   : Rolled back transaction for test: [DefaultTestContext@4e858e0a testClass = CelsoApplicationTests, testInstance = com.agoravai.celso.CelsoApplicationTests@1f3310fc, testMethod = testaUsuario@CelsoApplicationTests, testException = org.opentest4j.AssertionFailedError: expected: <admin> but was: <celso>, mergedContextConfiguration = [WebMergedContextConfiguration@435fb7b5 testClass = CelsoApplicationTests, locations = '{}', classes = '{class com.agoravai.celso.CelsoApplication}', contextInitializerClasses = '[]', activeProfiles = '{}', propertySourceLocations = '{}', propertySourceProperties = '{org.springframework.boot.test.context.SpringBootTestContextBootstrapper=true}', contextCustomizers = set[org.springframework.boot.test.context.filter.ExcludeFilterContextCustomizer@43015c69, org.springframework.boot.test.json.DuplicateJsonObjectContextCustomizerFactory$DuplicateJsonObjectContextCustomizer@30b6ffe0, org.springframework.boot.test.mock.mockito.MockitoContextCustomizer@0, org.springframework.boot.test.web.client.TestRestTemplateContextCustomizer@72ef8d15, org.springframework.boot.test.autoconfigure.actuate.metrics.MetricsExportContextCustomizerFactory$DisableMetricExportContextCustomizer@1df8b5b8, org.springframework.boot.test.autoconfigure.properties.PropertyMappingContextCustomizer@0, org.springframework.boot.test.autoconfigure.web.servlet.WebDriverContextCustomizerFactory$Customizer@bb9e6dc, org.springframework.boot.test.context.SpringBootTestArgs@1, org.springframework.boot.test.context.SpringBootTestWebEnvironment@4ddced80], resourceBasePath = 'src/main/webapp', contextLoader = 'org.springframework.boot.test.context.SpringBootContextLoader', parent = [null]], attributes = map['org.springframework.test.context.web.ServletTestExecutionListener.activateListener' -> true, 'org.springframework.test.context.web.ServletTestExecutionListener.populatedRequestContextHolder' -> true, 'org.springframework.test.context.web.ServletTestExecutionListener.resetRequestContextHolder' -> true, 'org.springframework.test.context.event.ApplicationEventsTestExecutionListener.recordApplicationEvents' -> false]]
]]></system-out>
  </testcase>
  <testcase name="testaBuscaUsuarioNomePerfil" classname="com.agoravai.celso.CelsoApplicationTests" time="0.014"/>
  <testcase name="testaBuscaUsuarioNomePerfilQuery" classname="com.agoravai.celso.CelsoApplicationTests" time="0.011"/>
  <testcase name="testaInsercao" classname="com.agoravai.celso.CelsoApplicationTests" time="0.024"/>
  <testcase name="testaPerfil" classname="com.agoravai.celso.CelsoApplicationTests" time="0.011"/>
  <testcase name="testaServicoCriaUsuario" classname="com.agoravai.celso.CelsoApplicationTests" time="0.021"/>
  <testcase name="contextLoads" classname="com.agoravai.celso.CelsoApplicationTests" time="0.003"/>
  <testcase name="testaInsercaoPerfil" classname="com.agoravai.celso.CelsoApplicationTests" time="0.007"/>
</testsuite>