-------------------------------------------------------------------------------
Test set: com.agoravai.celso.CelsoApplicationTests
-------------------------------------------------------------------------------
Tests run: 1, Failures: 0, Errors: 1, Skipped: 0, Time elapsed: 0.003 s <<< FAILURE! - in com.agoravai.celso.CelsoApplicationTests
com.agoravai.celso.CelsoApplicationTests  Time elapsed: 0.003 s  <<< ERROR!
org.junit.platform.commons.JUnitException: @BeforeAll method 'void com.agoravai.celso.CelsoApplicationTests.testaInsercao()' must be static unless the test class is annotated with @TestInstance(Lifecycle.PER_CLASS).

